D:\Вчусь\GL\GL_BASE_CAMP\Морський бій\MY_SEA\SEA_LIB\DEBUG\SEA_LIB.DLL
D:\Вчусь\GL\GL_Base_Camp\Морський бій\My_sea\Sea_lib\Debug\Sea_lib.exp
D:\Вчусь\GL\GL_BASE_CAMP\Морський бій\MY_SEA\SEA_LIB\DEBUG\SEA_LIB.ILK
D:\Вчусь\GL\GL_Base_Camp\Морський бій\My_sea\Sea_lib\Debug\Sea_lib.lib
D:\Вчусь\GL\GL_Base_Camp\Морський бій\My_sea\Sea_lib\Debug\Sea_lib.pdb
D:\Вчусь\GL\GL_Base_Camp\Морський бій\My_sea\Sea_lib\Sea_lib\Debug\cl.command.1.tlog
D:\Вчусь\GL\GL_Base_Camp\Морський бій\My_sea\Sea_lib\Sea_lib\Debug\CL.read.1.tlog
D:\Вчусь\GL\GL_Base_Camp\Морський бій\My_sea\Sea_lib\Sea_lib\Debug\CL.write.1.tlog
D:\Вчусь\GL\GL_BASE_CAMP\Морський бій\MY_SEA\SEA_LIB\SEA_LIB\DEBUG\DLLMAIN.OBJ
D:\Вчусь\GL\GL_Base_Camp\Морський бій\My_sea\Sea_lib\Sea_lib\Debug\link.3512.read.1.tlog
D:\Вчусь\GL\GL_Base_Camp\Морський бій\My_sea\Sea_lib\Sea_lib\Debug\link.3512.write.1.tlog
D:\Вчусь\GL\GL_Base_Camp\Морський бій\My_sea\Sea_lib\Sea_lib\Debug\link.3512-cvtres.read.1.tlog
D:\Вчусь\GL\GL_Base_Camp\Морський бій\My_sea\Sea_lib\Sea_lib\Debug\link.3512-cvtres.write.1.tlog
D:\Вчусь\GL\GL_Base_Camp\Морський бій\My_sea\Sea_lib\Sea_lib\Debug\link.command.1.tlog
D:\Вчусь\GL\GL_Base_Camp\Морський бій\My_sea\Sea_lib\Sea_lib\Debug\link.read.1.tlog
D:\Вчусь\GL\GL_Base_Camp\Морський бій\My_sea\Sea_lib\Sea_lib\Debug\link.write.1.tlog
D:\Вчусь\GL\GL_Base_Camp\Морський бій\My_sea\Sea_lib\Sea_lib\Debug\link-cvtres.read.1.tlog
D:\Вчусь\GL\GL_Base_Camp\Морський бій\My_sea\Sea_lib\Sea_lib\Debug\link-cvtres.write.1.tlog
D:\Вчусь\GL\GL_Base_Camp\Морський бій\My_sea\Sea_lib\Sea_lib\Debug\mt.command.1.tlog
D:\Вчусь\GL\GL_Base_Camp\Морський бій\My_sea\Sea_lib\Sea_lib\Debug\mt.read.1.tlog
D:\Вчусь\GL\GL_Base_Camp\Морський бій\My_sea\Sea_lib\Sea_lib\Debug\mt.write.1.tlog
D:\Вчусь\GL\GL_Base_Camp\Морський бій\My_sea\Sea_lib\Sea_lib\Debug\rc.command.1.tlog
D:\Вчусь\GL\GL_Base_Camp\Морський бій\My_sea\Sea_lib\Sea_lib\Debug\rc.read.1.tlog
D:\Вчусь\GL\GL_Base_Camp\Морський бій\My_sea\Sea_lib\Sea_lib\Debug\rc.write.1.tlog
D:\Вчусь\GL\GL_BASE_CAMP\Морський бій\MY_SEA\SEA_LIB\SEA_LIB\DEBUG\SEA_LIB.DLL.EMBED.MANIFEST
D:\Вчусь\GL\GL_BASE_CAMP\Морський бій\MY_SEA\SEA_LIB\SEA_LIB\DEBUG\SEA_LIB.DLL.EMBED.MANIFEST.RES
D:\Вчусь\GL\GL_BASE_CAMP\Морський бій\MY_SEA\SEA_LIB\SEA_LIB\DEBUG\SEA_LIB.DLL.INTERMEDIATE.MANIFEST
D:\Вчусь\GL\GL_BASE_CAMP\Морський бій\MY_SEA\SEA_LIB\SEA_LIB\DEBUG\SEA_LIB.OBJ
D:\Вчусь\GL\GL_BASE_CAMP\Морський бій\MY_SEA\SEA_LIB\SEA_LIB\DEBUG\SEA_LIB.PCH
D:\Вчусь\GL\GL_Base_Camp\Морський бій\My_sea\Sea_lib\Sea_lib\Debug\Sea_lib.write.1.tlog
D:\Вчусь\GL\GL_Base_Camp\Морський бій\My_sea\Sea_lib\Sea_lib\Debug\Sea_lib_manifest.rc
D:\Вчусь\GL\GL_BASE_CAMP\Морський бій\MY_SEA\SEA_LIB\SEA_LIB\DEBUG\STDAFX.OBJ
D:\Вчусь\GL\GL_Base_Camp\Морський бій\My_sea\Sea_lib\Sea_lib\Debug\vc100.idb
D:\Вчусь\GL\GL_Base_Camp\Морський бій\My_sea\Sea_lib\Sea_lib\Debug\vc100.pdb
D:\ВЧУСЬ\GL\GL_BASE_CAMP\МОРСЬКИЙ БІЙ\MY_SEA\SEA_LIB\DEBUG\SEA_LIB.PDB
D:\ВЧУСЬ\GL\GL_BASE_CAMP\МОРСЬКИЙ БІЙ\MY_SEA\SEA_LIB\SEA_LIB\DEBUG\VC100.PDB
