Build started 02.03.2012 10:34:54.
Project "D:\Вчусь\GL\GL_Base_Camp\Морський бій\My_sea\Sea_lib\Sea_lib\Sea_lib.vcxproj" on node 2 (rebuild target(s)).
_PrepareForClean:
  Deleting file "Debug\Sea_lib.lastbuildstate".
InitializeBuildStatus:
  Creating "Debug\Sea_lib.unsuccessfulbuild" because "AlwaysCreate" was specified.
ClCompile:
  f:\VisualStudio\VC\bin\CL.exe /c /ZI /nologo /W3 /WX- /Od /Oy- /D WIN32 /D _DEBUG /D _WINDOWS /D _USRDLL /D SEA_LIB_EXPORTS /D _WINDLL /D _UNICODE /D UNICODE /Gm /EHsc /RTC1 /MDd /GS /fp:precise /Zc:wchar_t /Zc:forScope /Yc"StdAfx.h" /Fp"Debug\Sea_lib.pch" /Fo"Debug\\" /Fd"Debug\vc100.pdb" /Gd /TP /analyze- /errorReport:prompt stdafx.cpp
  stdafx.cpp
  f:\VisualStudio\VC\bin\CL.exe /c /ZI /nologo /W3 /WX- /Od /Oy- /D WIN32 /D _DEBUG /D _WINDOWS /D _USRDLL /D SEA_LIB_EXPORTS /D _WINDLL /D _UNICODE /D UNICODE /Gm /EHsc /RTC1 /MDd /GS /fp:precise /Zc:wchar_t /Zc:forScope /Fo"Debug\\" /Fd"Debug\vc100.pdb" /Gd /TP /analyze- /errorReport:prompt dllmain.cpp
  dllmain.cpp
  f:\VisualStudio\VC\bin\CL.exe /c /ZI /nologo /W3 /WX- /Od /Oy- /D WIN32 /D _DEBUG /D _WINDOWS /D _USRDLL /D SEA_LIB_EXPORTS /D _WINDLL /D _UNICODE /D UNICODE /Gm /EHsc /RTC1 /MDd /GS /fp:precise /Zc:wchar_t /Zc:forScope /Yu"StdAfx.h" /Fp"Debug\Sea_lib.pch" /Fo"Debug\\" /Fd"Debug\vc100.pdb" /Gd /TP /analyze- /errorReport:prompt Sea_lib.cpp
  Sea_lib.cpp
d:\вчусь\gl\gl_base_camp\морський бій\my_sea\sea_lib\sea_lib\sea_lib.cpp(193): warning C4244: 'argument' : conversion from 'time_t' to 'unsigned int', possible loss of data
ManifestResourceCompile:
  C:\Program Files\Microsoft SDKs\Windows\v7.0A\bin\rc.exe /nologo /fo"Debug\Sea_lib.dll.embed.manifest.res" Debug\Sea_lib_manifest.rc 
Link:
  f:\VisualStudio\VC\bin\link.exe /ERRORREPORT:PROMPT /OUT:"D:\Вчусь\GL\GL_Base_Camp\Морський бій\My_sea\Sea_lib\Debug\Sea_lib.dll" /INCREMENTAL /NOLOGO kernel32.lib user32.lib gdi32.lib winspool.lib comdlg32.lib advapi32.lib shell32.lib ole32.lib oleaut32.lib uuid.lib odbc32.lib odbccp32.lib /MANIFEST /ManifestFile:"Debug\Sea_lib.dll.intermediate.manifest" /MANIFESTUAC:"level='asInvoker' uiAccess='false'" /DEBUG /PDB:"D:\Вчусь\GL\GL_Base_Camp\Морський бій\My_sea\Sea_lib\Debug\Sea_lib.pdb" /SUBSYSTEM:WINDOWS /TLBID:1 /DYNAMICBASE /NXCOMPAT /IMPLIB:"D:\Вчусь\GL\GL_Base_Camp\Морський бій\My_sea\Sea_lib\Debug\Sea_lib.lib" /MACHINE:X86 /DLL Debug\Sea_lib.dll.embed.manifest.res
  Debug\dllmain.obj
  Debug\Sea_lib.obj
  Debug\stdafx.obj
     Creating library D:\Вчусь\GL\GL_Base_Camp\Морський бій\My_sea\Sea_lib\Debug\Sea_lib.lib and object D:\Вчусь\GL\GL_Base_Camp\Морський бій\My_sea\Sea_lib\Debug\Sea_lib.exp
Manifest:
  Deleting file "Debug\Sea_lib.dll.embed.manifest".
  C:\Program Files\Microsoft SDKs\Windows\v7.0A\bin\mt.exe /nologo /verbose /out:"Debug\Sea_lib.dll.embed.manifest" /manifest Debug\Sea_lib.dll.intermediate.manifest
  C:\Program Files\Microsoft SDKs\Windows\v7.0A\bin\rc.exe /nologo /fo"Debug\Sea_lib.dll.embed.manifest.res" Debug\Sea_lib_manifest.rc 
LinkEmbedManifest:
  f:\VisualStudio\VC\bin\link.exe /ERRORREPORT:PROMPT /OUT:"D:\Вчусь\GL\GL_Base_Camp\Морський бій\My_sea\Sea_lib\Debug\Sea_lib.dll" /INCREMENTAL /NOLOGO kernel32.lib user32.lib gdi32.lib winspool.lib comdlg32.lib advapi32.lib shell32.lib ole32.lib oleaut32.lib uuid.lib odbc32.lib odbccp32.lib /MANIFEST /ManifestFile:"Debug\Sea_lib.dll.intermediate.manifest" /MANIFESTUAC:"level='asInvoker' uiAccess='false'" /DEBUG /PDB:"D:\Вчусь\GL\GL_Base_Camp\Морський бій\My_sea\Sea_lib\Debug\Sea_lib.pdb" /SUBSYSTEM:WINDOWS /TLBID:1 /DYNAMICBASE /NXCOMPAT /IMPLIB:"D:\Вчусь\GL\GL_Base_Camp\Морський бій\My_sea\Sea_lib\Debug\Sea_lib.lib" /MACHINE:X86 /DLL Debug\Sea_lib.dll.embed.manifest.res
  Debug\dllmain.obj
  Debug\Sea_lib.obj
  Debug\stdafx.obj
     Creating library D:\Вчусь\GL\GL_Base_Camp\Морський бій\My_sea\Sea_lib\Debug\Sea_lib.lib and object D:\Вчусь\GL\GL_Base_Camp\Морський бій\My_sea\Sea_lib\Debug\Sea_lib.exp
  Sea_lib.vcxproj -> D:\Вчусь\GL\GL_Base_Camp\Морський бій\My_sea\Sea_lib\Debug\Sea_lib.dll
FinalizeBuildStatus:
  Deleting file "Debug\Sea_lib.unsuccessfulbuild".
  Touching "Debug\Sea_lib.lastbuildstate".
Done Building Project "D:\Вчусь\GL\GL_Base_Camp\Морський бій\My_sea\Sea_lib\Sea_lib\Sea_lib.vcxproj" (rebuild target(s)).

Build succeeded.

Time Elapsed 00:00:09.85
