D:\Вчусь\GL\GL_BASE_CAMP\Морський бій\MY_SEA\USESEA_LIB\DEBUG\USESEA_LIB.EXE
D:\Вчусь\GL\GL_BASE_CAMP\Морський бій\MY_SEA\USESEA_LIB\DEBUG\USESEA_LIB.ILK
D:\Вчусь\GL\GL_Base_Camp\Морський бій\My_sea\UseSea_lib\UseSea_lib\Debug\cl.command.1.tlog
D:\Вчусь\GL\GL_Base_Camp\Морський бій\My_sea\UseSea_lib\UseSea_lib\Debug\CL.read.1.tlog
D:\Вчусь\GL\GL_Base_Camp\Морський бій\My_sea\UseSea_lib\UseSea_lib\Debug\CL.write.1.tlog
D:\Вчусь\GL\GL_Base_Camp\Морський бій\My_sea\UseSea_lib\UseSea_lib\Debug\link.2120.read.1.tlog
D:\Вчусь\GL\GL_Base_Camp\Морський бій\My_sea\UseSea_lib\UseSea_lib\Debug\link.2120.write.1.tlog
D:\Вчусь\GL\GL_Base_Camp\Морський бій\My_sea\UseSea_lib\UseSea_lib\Debug\link.2120-cvtres.read.1.tlog
D:\Вчусь\GL\GL_Base_Camp\Морський бій\My_sea\UseSea_lib\UseSea_lib\Debug\link.2120-cvtres.write.1.tlog
D:\Вчусь\GL\GL_Base_Camp\Морський бій\My_sea\UseSea_lib\UseSea_lib\Debug\link.command.1.tlog
D:\Вчусь\GL\GL_Base_Camp\Морський бій\My_sea\UseSea_lib\UseSea_lib\Debug\link.read.1.tlog
D:\Вчусь\GL\GL_Base_Camp\Морський бій\My_sea\UseSea_lib\UseSea_lib\Debug\link.write.1.tlog
D:\Вчусь\GL\GL_Base_Camp\Морський бій\My_sea\UseSea_lib\UseSea_lib\Debug\link-cvtres.read.1.tlog
D:\Вчусь\GL\GL_Base_Camp\Морський бій\My_sea\UseSea_lib\UseSea_lib\Debug\link-cvtres.write.1.tlog
D:\Вчусь\GL\GL_Base_Camp\Морський бій\My_sea\UseSea_lib\UseSea_lib\Debug\mt.command.1.tlog
D:\Вчусь\GL\GL_Base_Camp\Морський бій\My_sea\UseSea_lib\UseSea_lib\Debug\mt.read.1.tlog
D:\Вчусь\GL\GL_Base_Camp\Морський бій\My_sea\UseSea_lib\UseSea_lib\Debug\mt.write.1.tlog
D:\Вчусь\GL\GL_Base_Camp\Морський бій\My_sea\UseSea_lib\UseSea_lib\Debug\rc.command.1.tlog
D:\Вчусь\GL\GL_Base_Camp\Морський бій\My_sea\UseSea_lib\UseSea_lib\Debug\rc.read.1.tlog
D:\Вчусь\GL\GL_Base_Camp\Морський бій\My_sea\UseSea_lib\UseSea_lib\Debug\rc.write.1.tlog
D:\Вчусь\GL\GL_BASE_CAMP\Морський бій\MY_SEA\USESEA_LIB\USESEA_LIB\DEBUG\STDAFX.OBJ
D:\Вчусь\GL\GL_BASE_CAMP\Морський бій\MY_SEA\USESEA_LIB\USESEA_LIB\DEBUG\USESEA_LIB.EXE.EMBED.MANIFEST
D:\Вчусь\GL\GL_BASE_CAMP\Морський бій\MY_SEA\USESEA_LIB\USESEA_LIB\DEBUG\USESEA_LIB.EXE.EMBED.MANIFEST.RES
D:\Вчусь\GL\GL_BASE_CAMP\Морський бій\MY_SEA\USESEA_LIB\USESEA_LIB\DEBUG\USESEA_LIB.EXE.INTERMEDIATE.MANIFEST
D:\Вчусь\GL\GL_BASE_CAMP\Морський бій\MY_SEA\USESEA_LIB\USESEA_LIB\DEBUG\USESEA_LIB.OBJ
D:\Вчусь\GL\GL_BASE_CAMP\Морський бій\MY_SEA\USESEA_LIB\USESEA_LIB\DEBUG\USESEA_LIB.PCH
D:\Вчусь\GL\GL_Base_Camp\Морський бій\My_sea\UseSea_lib\UseSea_lib\Debug\UseSea_lib_manifest.rc
D:\Вчусь\GL\GL_Base_Camp\Морський бій\My_sea\UseSea_lib\UseSea_lib\Debug\vc100.idb
D:\ВЧУСЬ\GL\GL_BASE_CAMP\МОРСЬКИЙ БІЙ\MY_SEA\USESEA_LIB\DEBUG\USESEA_LIB.PDB
D:\ВЧУСЬ\GL\GL_BASE_CAMP\МОРСЬКИЙ БІЙ\MY_SEA\USESEA_LIB\USESEA_LIB\DEBUG\VC100.PDB
