Build started 02.03.2012 10:35:41.
Project "D:\Вчусь\GL\GL_Base_Camp\Морський бій\My_sea\UseSea_lib\UseSea_lib\UseSea_lib.vcxproj" on node 2 (build target(s)).
InitializeBuildStatus:
  Creating "Debug\UseSea_lib.unsuccessfulbuild" because "AlwaysCreate" was specified.
ClCompile:
  All outputs are up-to-date.
  f:\VisualStudio\VC\bin\CL.exe /c /ZI /nologo /W3 /WX- /Od /Oy- /D WIN32 /D _DEBUG /D _CONSOLE /D _UNICODE /D UNICODE /Gm /EHsc /RTC1 /MDd /GS /fp:precise /Zc:wchar_t /Zc:forScope /Yu"StdAfx.h" /Fp"Debug\UseSea_lib.pch" /Fo"Debug\\" /Fd"Debug\vc100.pdb" /Gd /TP /analyze- /errorReport:prompt UseSea_lib.cpp
  UseSea_lib.cpp
ManifestResourceCompile:
  All outputs are up-to-date.
Link:
  f:\VisualStudio\VC\bin\link.exe /ERRORREPORT:PROMPT /OUT:"D:\Вчусь\GL\GL_Base_Camp\Морський бій\My_sea\UseSea_lib\Debug\UseSea_lib.exe" /INCREMENTAL /NOLOGO kernel32.lib user32.lib gdi32.lib winspool.lib comdlg32.lib advapi32.lib shell32.lib ole32.lib oleaut32.lib uuid.lib odbc32.lib odbccp32.lib /MANIFEST /ManifestFile:"Debug\UseSea_lib.exe.intermediate.manifest" /MANIFESTUAC:"level='asInvoker' uiAccess='false'" /DEBUG /PDB:"D:\Вчусь\GL\GL_Base_Camp\Морський бій\My_sea\UseSea_lib\Debug\UseSea_lib.pdb" /SUBSYSTEM:CONSOLE /TLBID:1 /DYNAMICBASE /NXCOMPAT /IMPLIB:"D:\Вчусь\GL\GL_Base_Camp\Морський бій\My_sea\UseSea_lib\Debug\UseSea_lib.lib" /MACHINE:X86 Debug\UseSea_lib.exe.embed.manifest.res
  Debug\stdafx.obj
  Debug\UseSea_lib.obj
Manifest:
  C:\Program Files\Microsoft SDKs\Windows\v7.0A\bin\mt.exe /nologo /verbose /out:"Debug\UseSea_lib.exe.embed.manifest" /manifest Debug\UseSea_lib.exe.intermediate.manifest
  All outputs are up-to-date.
LinkEmbedManifest:
  All outputs are up-to-date.
  UseSea_lib.vcxproj -> D:\Вчусь\GL\GL_Base_Camp\Морський бій\My_sea\UseSea_lib\Debug\UseSea_lib.exe
FinalizeBuildStatus:
  Deleting file "Debug\UseSea_lib.unsuccessfulbuild".
  Touching "Debug\UseSea_lib.lastbuildstate".
Done Building Project "D:\Вчусь\GL\GL_Base_Camp\Морський бій\My_sea\UseSea_lib\UseSea_lib\UseSea_lib.vcxproj" (build target(s)).

Build succeeded.

Time Elapsed 00:00:04.93
